# JRE version: OpenJDK Runtime Environment (8.0_312-b07) (build 1.8.0_312-b07)
# Java VM: OpenJDK 64-Bit Server VM (25.312-b07 mixed mode bsd-aarch64 compressed oops)
Heap:
 PSYoungGen      total 138240K, used 62446K [0x0000000795580000, 0x00000007a5f00000, 0x00000007c0000000)
  eden space 133120K, 46% used [0x0000000795580000,0x000000079927b928,0x000000079d780000)
  from space 5120K, 0% used [0x000000079d780000,0x000000079d780000,0x000000079dc80000)
  to   space 12800K, 0% used [0x00000007a5280000,0x00000007a5280000,0x00000007a5f00000)
 ParOldGen       total 69632K, used 14586K [0x0000000740000000, 0x0000000744400000, 0x0000000795580000)
  object space 69632K, 20% used [0x0000000740000000,0x0000000740e3eab8,0x0000000744400000)
 Metaspace       used 42554K, capacity 43782K, committed 44160K, reserved 1087488K
  class space    used 5955K, capacity 6208K, committed 6272K, reserved 1048576K
GC Heap History (10 events):
Event: 4.468 GC heap before
{Heap before GC invocations=3 (full 0):
 PSYoungGen      total 71680K, used 37024K [0x0000000795580000, 0x000000079a080000, 0x00000007c0000000)
  eden space 66560K, 47% used [0x0000000795580000,0x00000007974a98a0,0x0000000799680000)
  from space 5120K, 99% used [0x0000000799b80000,0x000000079a07e7a8,0x000000079a080000)
  to   space 5120K, 0% used [0x0000000799680000,0x0000000799680000,0x0000000799b80000)
 ParOldGen       total 87552K, used 5612K [0x0000000740000000, 0x0000000745580000, 0x0000000795580000)
  object space 87552K, 6% used [0x0000000740000000,0x000000074057b1d8,0x0000000745580000)
 Metaspace       used 20368K, capacity 21168K, committed 21296K, reserved 1067008K
  class space    used 2724K, capacity 2910K, committed 2944K, reserved 1048576K
Event: 4.475 GC heap after
Heap after GC invocations=3 (full 0):
 PSYoungGen      total 71680K, used 5097K [0x0000000795580000, 0x000000079e180000, 0x00000007c0000000)
  eden space 66560K, 0% used [0x0000000795580000,0x0000000795580000,0x0000000799680000)
  from space 5120K, 99% used [0x0000000799680000,0x0000000799b7a480,0x0000000799b80000)
  to   space 5120K, 0% used [0x000000079dc80000,0x000000079dc80000,0x000000079e180000)
 ParOldGen       total 87552K, used 9260K [0x0000000740000000, 0x0000000745580000, 0x0000000795580000)
  object space 87552K, 10% used [0x0000000740000000,0x000000074090b250,0x0000000745580000)
 Metaspace       used 20368K, capacity 21168K, committed 21296K, reserved 1067008K
  class space    used 2724K, capacity 2910K, committed 2944K, reserved 1048576K
}
Event: 4.475 GC heap before
{Heap before GC invocations=4 (full 1):
 PSYoungGen      total 71680K, used 5097K [0x0000000795580000, 0x000000079e180000, 0x00000007c0000000)
  eden space 66560K, 0% used [0x0000000795580000,0x0000000795580000,0x0000000799680000)
  from space 5120K, 99% used [0x0000000799680000,0x0000000799b7a480,0x0000000799b80000)
  to   space 5120K, 0% used [0x000000079dc80000,0x000000079dc80000,0x000000079e180000)
 ParOldGen       total 87552K, used 9260K [0x0000000740000000, 0x0000000745580000, 0x0000000795580000)
  object space 87552K, 10% used [0x0000000740000000,0x000000074090b250,0x0000000745580000)
 Metaspace       used 20368K, capacity 21168K, committed 21296K, reserved 1067008K
  class space    used 2724K, capacity 2910K, committed 2944K, reserved 1048576K
Event: 4.488 GC heap after
Heap after GC invocations=4 (full 1):
 PSYoungGen      total 71680K, used 0K [0x0000000795580000, 0x000000079e180000, 0x00000007c0000000)
  eden space 66560K, 0% used [0x0000000795580000,0x0000000795580000,0x0000000799680000)
  from space 5120K, 0% used [0x0000000799680000,0x0000000799680000,0x0000000799b80000)
  to   space 5120K, 0% used [0x000000079dc80000,0x000000079dc80000,0x000000079e180000)
 ParOldGen       total 51712K, used 9228K [0x0000000740000000, 0x0000000743280000, 0x0000000795580000)
  object space 51712K, 17% used [0x0000000740000000,0x0000000740903070,0x0000000743280000)
 Metaspace       used 20368K, capacity 21168K, committed 21296K, reserved 1067008K
  class space    used 2724K, capacity 2910K, committed 2944K, reserved 1048576K
}
Event: 4.888 GC heap before
{Heap before GC invocations=5 (full 1):
 PSYoungGen      total 71680K, used 66560K [0x0000000795580000, 0x000000079e180000, 0x00000007c0000000)
  eden space 66560K, 100% used [0x0000000795580000,0x0000000799680000,0x0000000799680000)
  from space 5120K, 0% used [0x0000000799680000,0x0000000799680000,0x0000000799b80000)
  to   space 5120K, 0% used [0x000000079dc80000,0x000000079dc80000,0x000000079e180000)
 ParOldGen       total 51712K, used 9228K [0x0000000740000000, 0x0000000743280000, 0x0000000795580000)
  object space 51712K, 17% used [0x0000000740000000,0x0000000740903070,0x0000000743280000)
 Metaspace       used 32536K, capacity 33670K, committed 33920K, reserved 1079296K
  class space    used 4448K, capacity 4694K, committed 4736K, reserved 1048576K
Event: 4.892 GC heap after
Heap after GC invocations=5 (full 1):
 PSYoungGen      total 132608K, used 5107K [0x0000000795580000, 0x000000079e180000, 0x00000007c0000000)
  eden space 127488K, 0% used [0x0000000795580000,0x0000000795580000,0x000000079d200000)
  from space 5120K, 99% used [0x000000079dc80000,0x000000079e17ccd0,0x000000079e180000)
  to   space 5120K, 0% used [0x000000079d780000,0x000000079d780000,0x000000079dc80000)
 ParOldGen       total 51712K, used 13941K [0x0000000740000000, 0x0000000743280000, 0x0000000795580000)
  object space 51712K, 26% used [0x0000000740000000,0x0000000740d9d500,0x0000000743280000)
 Metaspace       used 32536K, capacity 33670K, committed 33920K, reserved 1079296K
  class space    used 4448K, capacity 4694K, committed 4736K, reserved 1048576K
}
Event: 4.939 GC heap before
{Heap before GC invocations=6 (full 1):
 PSYoungGen      total 132608K, used 17735K [0x0000000795580000, 0x000000079e180000, 0x00000007c0000000)
  eden space 127488K, 9% used [0x0000000795580000,0x00000007961d4fa0,0x000000079d200000)
  from space 5120K, 99% used [0x000000079dc80000,0x000000079e17ccd0,0x000000079e180000)
  to   space 5120K, 0% used [0x000000079d780000,0x000000079d780000,0x000000079dc80000)
 ParOldGen       total 51712K, used 13941K [0x0000000740000000, 0x0000000743280000, 0x0000000795580000)
  object space 51712K, 26% used [0x0000000740000000,0x0000000740d9d500,0x0000000743280000)
 Metaspace       used 34200K, capacity 35298K, committed 35456K, reserved 1079296K
  class space    used 4746K, capacity 4956K, committed 4992K, reserved 1048576K
Event: 4.942 GC heap after
Heap after GC invocations=6 (full 1):
 PSYoungGen      total 138240K, used 5109K [0x0000000795580000, 0x00000007a5f00000, 0x00000007c0000000)
  eden space 133120K, 0% used [0x0000000795580000,0x0000000795580000,0x000000079d780000)
  from space 5120K, 99% used [0x000000079d780000,0x000000079dc7d560,0x000000079dc80000)
  to   space 12800K, 0% used [0x00000007a5280000,0x00000007a5280000,0x00000007a5f00000)
 ParOldGen       total 51712K, used 14451K [0x0000000740000000, 0x0000000743280000, 0x0000000795580000)
  object space 51712K, 27% used [0x0000000740000000,0x0000000740e1cd30,0x0000000743280000)
 Metaspace       used 34200K, capacity 35298K, committed 35456K, reserved 1079296K
  class space    used 4746K, capacity 4956K, committed 4992K, reserved 1048576K
}
Event: 4.942 GC heap before
{Heap before GC invocations=7 (full 2):
 PSYoungGen      total 138240K, used 5109K [0x0000000795580000, 0x00000007a5f00000, 0x00000007c0000000)
  eden space 133120K, 0% used [0x0000000795580000,0x0000000795580000,0x000000079d780000)
  from space 5120K, 99% used [0x000000079d780000,0x000000079dc7d560,0x000000079dc80000)
  to   space 12800K, 0% used [0x00000007a5280000,0x00000007a5280000,0x00000007a5f00000)
 ParOldGen       total 51712K, used 14451K [0x0000000740000000, 0x0000000743280000, 0x0000000795580000)
  object space 51712K, 27% used [0x0000000740000000,0x0000000740e1cd30,0x0000000743280000)
 Metaspace       used 34200K, capacity 35298K, committed 35456K, reserved 1079296K
  class space    used 4746K, capacity 4956K, committed 4992K, reserved 1048576K
Event: 4.957 GC heap after
Heap after GC invocations=7 (full 2):
 PSYoungGen      total 138240K, used 0K [0x0000000795580000, 0x00000007a5f00000, 0x00000007c0000000)
  eden space 133120K, 0% used [0x0000000795580000,0x0000000795580000,0x000000079d780000)
  from space 5120K, 0% used [0x000000079d780000,0x000000079d780000,0x000000079dc80000)
  to   space 12800K, 0% used [0x00000007a5280000,0x00000007a5280000,0x00000007a5f00000)
 ParOldGen       total 69632K, used 14586K [0x0000000740000000, 0x0000000744400000, 0x0000000795580000)
  object space 69632K, 20% used [0x0000000740000000,0x0000000740e3eab8,0x0000000744400000)
 Metaspace       used 34200K, capacity 35298K, committed 35456K, reserved 1079296K
  class space    used 4746K, capacity 4956K, committed 4992K, reserved 1048576K
}

